<?xml version="1.0" encoding="UTF-8"?>
<!-- Generated by org.testng.reporters.JUnitReportReporter -->
<testsuite hostname="DESKTOP-IUIN2QD" failures="0" tests="1" name="test_Cases.Test_Case01" time="25.748" errors="0" timestamp="2022-10-31T22:03:13 IST" skipped="0">
  <testcase classname="test_Cases.Test_Case01" name="Signup" time="25.748"/>
  <system-out/>
</testsuite> <!-- test_Cases.Test_Case01 -->
